--------------------------------------------------------------------------
The SLURM process starter for OpenMPI was unable to locate a
usable "srun" command in its path. Please check your path
and try again.
--------------------------------------------------------------------------
--------------------------------------------------------------------------
An internal error has occurred in ORTE:

[[11027,0],0] FORCE-TERMINATE AT (null):1 - error plm_slurm_module.c(471)

This is something that should be reported to the developers.
--------------------------------------------------------------------------
3
3
3
3
3
3
3
3
3
3
3
3
3
3
3
3
--------------------------------------------------------------------------
Primary job  terminated normally, but 1 process returned
a non-zero exit code. Per user-direction, the job has been aborted.
--------------------------------------------------------------------------
--------------------------------------------------------------------------
mpiexec detected that one or more processes exited with non-zero status, thus causing
the job to be terminated. The first process to do so was:

  Process name: [[30882,1],12]
  Exit code:    3
--------------------------------------------------------------------------
